<?xml version="1.0" encoding="UTF-8"?>
<!-- Generated by org.testng.reporters.JUnitXMLReporter -->
<testsuite ignored="0" hostname="DESKTOP-0PRBCVL" failures="1" tests="3" name="Test" time="50.222" errors="0" timestamp="2022-03-29T16:50:54 IST">
  <testcase classname="TestCases.Swag_TC0104" name="TC0104" time="17.165"/>
  <testcase classname="TestCases.Swag_TC0105" name="TC0105" time="5.193">
    <failure type="java.lang.AssertionError" message="User Not able to place order without adding product into the cart">
      <![CDATA[java.lang.AssertionError: User Not able to place order without adding product into the cart
at TestCases.Swag_TC0105.TC0105(Swag_TC0105.java:47)
at java.base/java.util.ArrayList.forEach(ArrayList.java:1511)
... Removed 28 stack frames]]>
    </failure>
  </testcase> <!-- TC0105 -->
  <testcase classname="TestCases.Swag_TC0102" name="TC0102" time="22.322"/>
</testsuite> <!-- Test -->
