<?xml version="1.0" encoding="UTF-8"?>
<!-- Generated by org.testng.reporters.JUnitXMLReporter -->
<testsuite ignored="0" hostname="DESKTOP-0PRBCVL" failures="1" tests="1" name="Test(failed)" time="5.793" errors="0" timestamp="2022-03-29T16:30:59 IST">
  <testcase classname="TestCases.Swag_TC0105" name="TC0105" time="3.79">
    <failure type="java.lang.AssertionError" message="User Not able to place order without adding product into the cart">
      <![CDATA[java.lang.AssertionError: User Not able to place order without adding product into the cart
at TestCases.Swag_TC0105.TC0105(Swag_TC0105.java:47)
at java.base/java.util.ArrayList.forEach(ArrayList.java:1511)
... Removed 28 stack frames]]>
    </failure>
  </testcase> <!-- TC0105 -->
</testsuite> <!-- Test(failed) -->
